<?xml version="1.0" encoding="UTF-8"?>
<!-- Generated by org.testng.reporters.JUnitReportReporter -->
<testsuite hostname="Sudhanshus-MacBook-Air.local" failures="0" tests="6" name="api.test.DataDrivenTest" time="12.653" errors="0" timestamp="2024-10-24T12:32:28 IST" skipped="0">
  <testcase classname="api.test.DataDrivenTest" name="testPostUser" time="1.660"/>
  <testcase classname="api.test.DataDrivenTest" name="testPostUser" time="2.529"/>
  <testcase classname="api.test.DataDrivenTest" name="testPostUser" time="1.966"/>
  <testcase classname="api.test.DataDrivenTest" name="testDeleteUserByName" time="2.008"/>
  <testcase classname="api.test.DataDrivenTest" name="testDeleteUserByName" time="2.745"/>
  <testcase classname="api.test.DataDrivenTest" name="testDeleteUserByName" time="1.745"/>
</testsuite> <!-- api.test.DataDrivenTest -->
