<?xml version="1.0" encoding="UTF-8"?>
<!-- Generated by org.testng.reporters.JUnitReportReporter -->
<testsuite hostname="Sudhanshus-MacBook-Air.local" failures="0" tests="4" name="api.test.UserTest" time="9.661" errors="0" timestamp="2024-10-25T11:38:11 IST" skipped="0">
  <testcase classname="api.test.UserTest" name="testPostUser" time="2.724"/>
  <testcase classname="api.test.UserTest" name="testGetUserById" time="1.794"/>
  <testcase classname="api.test.UserTest" name="testUpdateUserByName" time="3.278"/>
  <testcase classname="api.test.UserTest" name="testDeleteUserByName" time="1.865"/>
</testsuite> <!-- api.test.UserTest -->
