<?xml version="1.0" encoding="UTF-8"?>
<!-- Generated by org.testng.reporters.JUnitReportReporter -->
<testsuite hostname="Sudhanshus-MacBook-Air.local" failures="0" tests="4" name="api.test.UserTest2" time="10.090" errors="0" timestamp="2024-10-24T16:40:57 IST" skipped="0">
  <testcase classname="api.test.UserTest2" name="testPostUser" time="2.451"/>
  <testcase classname="api.test.UserTest2" name="testGetUserById" time="2.208"/>
  <testcase classname="api.test.UserTest2" name="testUpdateUserByName" time="3.596"/>
  <testcase classname="api.test.UserTest2" name="testDeleteUserByName" time="1.835"/>
</testsuite> <!-- api.test.UserTest2 -->
