<?xml version="1.0" encoding="UTF-8"?>
<!-- Generated by org.testng.reporters.JUnitReportReporter -->
<testsuite hostname="Sudhanshus-MacBook-Air.local" failures="0" tests="4" name="api.test.UserTest_Report" time="11.112" errors="0" timestamp="2024-10-24T17:46:33 IST" skipped="0">
  <testcase classname="api.test.UserTest_Report" name="testPostUser" time="3.478"/>
  <testcase classname="api.test.UserTest_Report" name="testGetUserById" time="1.779"/>
  <testcase classname="api.test.UserTest_Report" name="testUpdateUserByName" time="3.989"/>
  <testcase classname="api.test.UserTest_Report" name="testDeleteUserByName" time="1.866"/>
</testsuite> <!-- api.test.UserTest_Report -->
